<?xml version="1.0" encoding="UTF-8"?>
<!-- Generated by org.testng.reporters.JUnitReportReporter -->
<testsuite hostname="NanduNikki" failures="0" tests="1" name="testScripts.AddCourseTest" time="9.022" errors="0" timestamp="2024-02-01T21:41:46 IST" skipped="0">
  <testcase classname="testScripts.AddCourseTest" name="addCourseTest" time="9.022"/>
  <system-out/>
</testsuite> <!-- testScripts.AddCourseTest -->
